<?xml version="1.0" encoding="UTF-8"?>
<testsuite xmlns:xsi="http://www.w3.org/2001/XMLSchema-instance" xsi:noNamespaceSchemaLocation="https://maven.apache.org/surefire/maven-surefire-plugin/xsd/surefire-test-report.xsd" name="ru.tinkoff.edu.java.parser.MessageProcessorTest" time="0.829" tests="3" errors="0" skipped="0" failures="0">
  <properties>
[...]
</properties>
  <testcase name="processListCommand_emptyList" classname="ru.tinkoff.edu.java.parser.MessageProcessorTest" time="0.787"/>
  <testcase name="processInvalidCommand" classname="ru.tinkoff.edu.java.parser.MessageProcessorTest" time="0.004"/>
  <testcase name="processListCommand_fullList" classname="ru.tinkoff.edu.java.parser.MessageProcessorTest" time="0.011"/>
</testsuite>